Determining if the pthread_create exist failed with the following output:
Change Dir: /home/yang/LLY/RoboScrub_Nav/src/database/database/cmake-build-debug/CMakeFiles/CMakeTmp

Run Build Command(s):/usr/bin/make cmTC_d4265/fast 
/usr/bin/make -f CMakeFiles/cmTC_d4265.dir/build.make CMakeFiles/cmTC_d4265.dir/build
make[1]: Entering directory '/home/yang/LLY/RoboScrub_Nav/src/database/database/cmake-build-debug/CMakeFiles/CMakeTmp'
Building C object CMakeFiles/cmTC_d4265.dir/CheckSymbolExists.c.o
/usr/bin/cc    -o CMakeFiles/cmTC_d4265.dir/CheckSymbolExists.c.o   -c /home/yang/LLY/RoboScrub_Nav/src/database/database/cmake-build-debug/CMakeFiles/CMakeTmp/CheckSymbolExists.c
Linking C executable cmTC_d4265
/home/yang/Documents/clion-2019.1.4/bin/cmake/linux/bin/cmake -E cmake_link_script CMakeFiles/cmTC_d4265.dir/link.txt --verbose=1
/usr/bin/cc      -rdynamic CMakeFiles/cmTC_d4265.dir/CheckSymbolExists.c.o  -o cmTC_d4265 
CMakeFiles/cmTC_d4265.dir/CheckSymbolExists.c.o: In function `main':
CheckSymbolExists.c:(.text+0x1b): undefined reference to `pthread_create'
collect2: error: ld returned 1 exit status
CMakeFiles/cmTC_d4265.dir/build.make:86: recipe for target 'cmTC_d4265' failed
make[1]: *** [cmTC_d4265] Error 1
make[1]: Leaving directory '/home/yang/LLY/RoboScrub_Nav/src/database/database/cmake-build-debug/CMakeFiles/CMakeTmp'
Makefile:121: recipe for target 'cmTC_d4265/fast' failed
make: *** [cmTC_d4265/fast] Error 2

File /home/yang/LLY/RoboScrub_Nav/src/database/database/cmake-build-debug/CMakeFiles/CMakeTmp/CheckSymbolExists.c:
/* */
#include <pthread.h>

int main(int argc, char** argv)
{
  (void)argv;
#ifndef pthread_create
  return ((int*)(&pthread_create))[argc];
#else
  (void)argc;
  return 0;
#endif
}

Determining if the function pthread_create exists in the pthreads failed with the following output:
Change Dir: /home/yang/LLY/RoboScrub_Nav/src/database/database/cmake-build-debug/CMakeFiles/CMakeTmp

Run Build Command(s):/usr/bin/make cmTC_8ed04/fast 
/usr/bin/make -f CMakeFiles/cmTC_8ed04.dir/build.make CMakeFiles/cmTC_8ed04.dir/build
make[1]: Entering directory '/home/yang/LLY/RoboScrub_Nav/src/database/database/cmake-build-debug/CMakeFiles/CMakeTmp'
Building C object CMakeFiles/cmTC_8ed04.dir/CheckFunctionExists.c.o
/usr/bin/cc   -DCHECK_FUNCTION_EXISTS=pthread_create   -o CMakeFiles/cmTC_8ed04.dir/CheckFunctionExists.c.o   -c /home/yang/Documents/clion-2019.1.4/bin/cmake/linux/share/cmake-3.14/Modules/CheckFunctionExists.c
Linking C executable cmTC_8ed04
/home/yang/Documents/clion-2019.1.4/bin/cmake/linux/bin/cmake -E cmake_link_script CMakeFiles/cmTC_8ed04.dir/link.txt --verbose=1
/usr/bin/cc  -DCHECK_FUNCTION_EXISTS=pthread_create    -rdynamic CMakeFiles/cmTC_8ed04.dir/CheckFunctionExists.c.o  -o cmTC_8ed04 -lpthreads 
/usr/bin/ld: cannot find -lpthreads
collect2: error: ld returned 1 exit status
CMakeFiles/cmTC_8ed04.dir/build.make:86: recipe for target 'cmTC_8ed04' failed
make[1]: *** [cmTC_8ed04] Error 1
make[1]: Leaving directory '/home/yang/LLY/RoboScrub_Nav/src/database/database/cmake-build-debug/CMakeFiles/CMakeTmp'
Makefile:121: recipe for target 'cmTC_8ed04/fast' failed
make: *** [cmTC_8ed04/fast] Error 2


